2025-08-08T12:11:54.875+05:30 ERROR 38464 --- [logdemo] [http-nio-8080-exec-2] c.w.logdemo.controller.HomeController    : --Error--
2025-08-08T12:11:54.877+05:30  WARN 38464 --- [logdemo] [http-nio-8080-exec-2] c.w.logdemo.controller.HomeController    : --WARN--
2025-08-08T12:13:21.555+05:30  INFO 38464 --- [logdemo] [restartedMain] com.wipro.logdemo.LogdemoApplication     : Starting LogdemoApplication using Java 22.0.1 with PID 38464 (C:\Users\User\Downloads\logdemo\logdemo\target\classes started by User in C:\Users\User\Downloads\logdemo\logdemo)
2025-08-08T12:13:21.556+05:30  INFO 38464 --- [logdemo] [restartedMain] com.wipro.logdemo.LogdemoApplication     : No active profile set, falling back to 1 default profile: "default"
2025-08-08T12:13:21.720+05:30  INFO 38464 --- [logdemo] [restartedMain] o.s.b.w.embedded.tomcat.TomcatWebServer  : Tomcat initialized with port 8080 (http)
2025-08-08T12:13:21.722+05:30  INFO 38464 --- [logdemo] [restartedMain] o.apache.catalina.core.StandardService   : Starting service [Tomcat]
2025-08-08T12:13:21.722+05:30  INFO 38464 --- [logdemo] [restartedMain] o.apache.catalina.core.StandardEngine    : Starting Servlet engine: [Apache Tomcat/10.1.43]
2025-08-08T12:13:21.740+05:30  INFO 38464 --- [logdemo] [restartedMain] o.a.c.c.C.[Tomcat].[localhost].[/]       : Initializing Spring embedded WebApplicationContext
2025-08-08T12:13:21.741+05:30  INFO 38464 --- [logdemo] [restartedMain] w.s.c.ServletWebServerApplicationContext : Root WebApplicationContext: initialization completed in 181 ms
2025-08-08T12:13:21.800+05:30  INFO 38464 --- [logdemo] [restartedMain] o.s.b.d.a.OptionalLiveReloadServer       : LiveReload server is running on port 35729
2025-08-08T12:13:21.807+05:30  INFO 38464 --- [logdemo] [restartedMain] o.s.b.w.embedded.tomcat.TomcatWebServer  : Tomcat started on port 8080 (http) with context path '/'
2025-08-08T12:13:21.811+05:30  INFO 38464 --- [logdemo] [restartedMain] com.wipro.logdemo.LogdemoApplication     : Started LogdemoApplication in 0.285 seconds (process running for 102.88)
2025-08-08T12:13:21.813+05:30  INFO 38464 --- [logdemo] [restartedMain] .ConditionEvaluationDeltaLoggingListener : Condition evaluation unchanged
2025-08-08T12:13:26.811+05:30  INFO 38464 --- [logdemo] [http-nio-8080-exec-1] o.a.c.c.C.[Tomcat].[localhost].[/]       : Initializing Spring DispatcherServlet 'dispatcherServlet'
2025-08-08T12:13:26.812+05:30  INFO 38464 --- [logdemo] [http-nio-8080-exec-1] o.s.web.servlet.DispatcherServlet        : Initializing Servlet 'dispatcherServlet'
2025-08-08T12:13:26.813+05:30  INFO 38464 --- [logdemo] [http-nio-8080-exec-1] o.s.web.servlet.DispatcherServlet        : Completed initialization in 1 ms
2025-08-08T12:13:26.817+05:30 ERROR 38464 --- [logdemo] [http-nio-8080-exec-1] c.w.logdemo.controller.HomeController    : --Error--
2025-08-08T12:13:26.817+05:30  WARN 38464 --- [logdemo] [http-nio-8080-exec-1] c.w.logdemo.controller.HomeController    : --WARN--
2025-08-08T12:13:26.817+05:30  INFO 38464 --- [logdemo] [http-nio-8080-exec-1] c.w.logdemo.controller.HomeController    : --INFO--
2025-08-08T12:13:28.783+05:30 ERROR 38464 --- [logdemo] [http-nio-8080-exec-2] c.w.logdemo.controller.HomeController    : --Error--
2025-08-08T12:13:28.784+05:30  WARN 38464 --- [logdemo] [http-nio-8080-exec-2] c.w.logdemo.controller.HomeController    : --WARN--
2025-08-08T12:13:28.784+05:30  INFO 38464 --- [logdemo] [http-nio-8080-exec-2] c.w.logdemo.controller.HomeController    : --INFO--
2025-08-08T12:15:33.873+05:30  INFO 38464 --- [logdemo] [File Watcher] rtingClassPathChangeChangedEventListener : Restarting due to 1 class path change (0 additions, 0 deletions, 1 modification)
2025-08-08T12:15:33.874+05:30  INFO 38464 --- [logdemo] [Thread-7] o.s.b.w.e.tomcat.GracefulShutdown        : Commencing graceful shutdown. Waiting for active requests to complete
2025-08-08T12:15:33.878+05:30  INFO 38464 --- [logdemo] [tomcat-shutdown] o.s.b.w.e.tomcat.GracefulShutdown        : Graceful shutdown complete
2025-08-08T12:15:33.939+05:30  INFO 38464 --- [logdemo] [restartedMain] com.wipro.logdemo.LogdemoApplication     : Starting LogdemoApplication using Java 22.0.1 with PID 38464 (C:\Users\User\Downloads\logdemo\logdemo\target\classes started by User in C:\Users\User\Downloads\logdemo\logdemo)
2025-08-08T12:15:33.940+05:30  INFO 38464 --- [logdemo] [restartedMain] com.wipro.logdemo.LogdemoApplication     : No active profile set, falling back to 1 default profile: "default"
2025-08-08T12:15:34.066+05:30  INFO 38464 --- [logdemo] [restartedMain] o.s.b.w.embedded.tomcat.TomcatWebServer  : Tomcat initialized with port 8080 (http)
2025-08-08T12:15:34.066+05:30  INFO 38464 --- [logdemo] [restartedMain] o.apache.catalina.core.StandardService   : Starting service [Tomcat]
2025-08-08T12:15:34.067+05:30  INFO 38464 --- [logdemo] [restartedMain] o.apache.catalina.core.StandardEngine    : Starting Servlet engine: [Apache Tomcat/10.1.43]
2025-08-08T12:15:34.083+05:30  INFO 38464 --- [logdemo] [restartedMain] o.a.c.c.C.[Tomcat].[localhost].[/]       : Initializing Spring embedded WebApplicationContext
2025-08-08T12:15:34.083+05:30  INFO 38464 --- [logdemo] [restartedMain] w.s.c.ServletWebServerApplicationContext : Root WebApplicationContext: initialization completed in 141 ms
2025-08-08T12:15:34.137+05:30  INFO 38464 --- [logdemo] [restartedMain] o.s.b.d.a.OptionalLiveReloadServer       : LiveReload server is running on port 35729
2025-08-08T12:15:34.145+05:30  INFO 38464 --- [logdemo] [restartedMain] o.s.b.w.embedded.tomcat.TomcatWebServer  : Tomcat started on port 8080 (http) with context path '/'
2025-08-08T12:15:34.148+05:30  INFO 38464 --- [logdemo] [restartedMain] com.wipro.logdemo.LogdemoApplication     : Started LogdemoApplication in 0.231 seconds (process running for 235.218)
2025-08-08T12:15:34.150+05:30  INFO 38464 --- [logdemo] [restartedMain] .ConditionEvaluationDeltaLoggingListener : Condition evaluation unchanged
2025-08-08T12:15:36.541+05:30  INFO 38464 --- [logdemo] [http-nio-8080-exec-1] o.a.c.c.C.[Tomcat].[localhost].[/]       : Initializing Spring DispatcherServlet 'dispatcherServlet'
2025-08-08T12:15:36.542+05:30  INFO 38464 --- [logdemo] [http-nio-8080-exec-1] o.s.web.servlet.DispatcherServlet        : Initializing Servlet 'dispatcherServlet'
2025-08-08T12:15:36.543+05:30  INFO 38464 --- [logdemo] [http-nio-8080-exec-1] o.s.web.servlet.DispatcherServlet        : Completed initialization in 1 ms
2025-08-08T12:15:36.545+05:30 ERROR 38464 --- [logdemo] [http-nio-8080-exec-1] c.w.logdemo.controller.HomeController    : --Error--
2025-08-08T12:15:36.545+05:30  WARN 38464 --- [logdemo] [http-nio-8080-exec-1] c.w.logdemo.controller.HomeController    : --WARN--
2025-08-08T12:15:36.545+05:30  INFO 38464 --- [logdemo] [http-nio-8080-exec-1] c.w.logdemo.controller.HomeController    : --INFO--
